#
# There is insufficient memory for the Java Runtime Environment to continue.
# Native memory allocation (malloc) failed to allocate 845344 bytes for Chunk::new
# Possible reasons:
#   The system is out of physical RAM or swap space
#   The process is running with CompressedOops enabled, and the Java Heap may be blocking the growth of the native heap
# Possible solutions:
#   Reduce memory load on the system
#   Increase physical memory or swap space
#   Check if swap backing store is full
#   Decrease Java heap size (-Xmx/-Xms)
#   Decrease number of Java threads
#   Decrease Java thread stack sizes (-Xss)
#   Set larger code cache with -XX:ReservedCodeCacheSize=
#   JVM is running with Unscaled Compressed Oops mode in which the Java heap is
#     placed in the first 4GB address space. The Java Heap base address is the
#     maximum limit for the native heap growth. Please use -XX:HeapBaseMinAddress
#     to set the Java Heap base and to place the Java Heap above 4GB virtual address.
# This output file may be truncated or incomplete.
#
#  Out of Memory Error (arena.cpp:168), pid=11788, tid=2008
#
# JRE version: Java(TM) SE Runtime Environment (21.0.1+12) (build 21.0.1+12-LTS-29)
# Java VM: Java HotSpot(TM) 64-Bit Server VM (21.0.1+12-LTS-29, mixed mode, sharing, tiered, compressed oops, compressed class ptrs, g1 gc, windows-amd64)
# No core dump will be written. Minidumps are not enabled by default on client versions of Windows
#

---------------  S U M M A R Y ------------

Command Line: -Dfile.encoding=windows-1252 -Duser.country=IT -Duser.language=it -Duser.variant myfloristapp.MyFloristAppApplication

Host: Intel(R) Core(TM) i5-3450 CPU @ 3.10GHz, 4 cores, 7G,  Windows 10 , 64 bit Build 19041 (10.0.19041.3636)
Time: Thu May 23 02:11:09 2024 ora legale Europa occ. elapsed time: 2.019141 seconds (0d 0h 0m 2s)

---------------  T H R E A D  ---------------

Current thread (0x000001cdfa1d2350):  JavaThread "C2 CompilerThread1" daemon [_thread_in_native, id=2008, stack(0x000000704b700000,0x000000704b800000) (1024K)]


Current CompileTask:
C2:   2019 2738       4       org.springframework.beans.factory.support.AbstractBeanFactory::isTypeMatch (619 bytes)

Stack: [0x000000704b700000,0x000000704b800000]
Native frames: (J=compiled Java code, j=interpreted, Vv=VM code, C=native code)
V  [jvm.dll+0x6c9029]
V  [jvm.dll+0x854b81]
V  [jvm.dll+0x856e5e]
V  [jvm.dll+0x857543]
V  [jvm.dll+0x280c06]
V  [jvm.dll+0xc3ead]
V  [jvm.dll+0xc43c3]
V  [jvm.dll+0x3b576c]
V  [jvm.dll+0x382475]
V  [jvm.dll+0x3818ea]
V  [jvm.dll+0x249ad0]
V  [jvm.dll+0x2490b1]
V  [jvm.dll+0x1c9ca1]
V  [jvm.dll+0x2586b9]
V  [jvm.dll+0x256c9a]
V  [jvm.dll+0x3ef1b6]
V  [jvm.dll+0x7fd728]
V  [jvm.dll+0x6c777d]
C  [ucrtbase.dll+0x21bb2]
C  [KERNEL32.DLL+0x17344]
C  [ntdll.dll+0x526b1]


---------------  P R O C E S S  ---------------

Threads class SMR info:
_java_thread_list=0x000001cdfb388be0, length=12, elements={
0x000001cd9696dbe0, 0x000001cdb4bebdf0, 0x000001cdb4becb10, 0x000001cdb4bf0630,
0x000001cdb4bf1310, 0x000001cdb4bf4520, 0x000001cdb4bf5720, 0x000001cdb4bfa150,
0x000001cdb4c03020, 0x000001cdfa12f050, 0x000001cdfa131ca0, 0x000001cdfa1d2350
}

Java Threads: ( => current thread )
  0x000001cd9696dbe0 JavaThread "main"                              [_thread_in_Java, id=3800, stack(0x000000704a500000,0x000000704a600000) (1024K)]
  0x000001cdb4bebdf0 JavaThread "Reference Handler"          daemon [_thread_blocked, id=7292, stack(0x000000704ad00000,0x000000704ae00000) (1024K)]
  0x000001cdb4becb10 JavaThread "Finalizer"                  daemon [_thread_blocked, id=7824, stack(0x000000704ae00000,0x000000704af00000) (1024K)]
  0x000001cdb4bf0630 JavaThread "Signal Dispatcher"          daemon [_thread_blocked, id=9624, stack(0x000000704af00000,0x000000704b000000) (1024K)]
  0x000001cdb4bf1310 JavaThread "Attach Listener"            daemon [_thread_blocked, id=7484, stack(0x000000704b000000,0x000000704b100000) (1024K)]
  0x000001cdb4bf4520 JavaThread "Service Thread"             daemon [_thread_blocked, id=6912, stack(0x000000704b100000,0x000000704b200000) (1024K)]
  0x000001cdb4bf5720 JavaThread "Monitor Deflation Thread"   daemon [_thread_blocked, id=12168, stack(0x000000704b200000,0x000000704b300000) (1024K)]
  0x000001cdb4bfa150 JavaThread "C2 CompilerThread0"         daemon [_thread_in_native, id=3640, stack(0x000000704b300000,0x000000704b400000) (1024K)]
  0x000001cdb4c03020 JavaThread "C1 CompilerThread0"         daemon [_thread_blocked, id=10832, stack(0x000000704b400000,0x000000704b500000) (1024K)]
  0x000001cdfa12f050 JavaThread "Notification Thread"        daemon [_thread_blocked, id=12180, stack(0x000000704b500000,0x000000704b600000) (1024K)]
  0x000001cdfa131ca0 JavaThread "Common-Cleaner"             daemon [_thread_blocked, id=14328, stack(0x000000704b600000,0x000000704b700000) (1024K)]
=>0x000001cdfa1d2350 JavaThread "C2 CompilerThread1"         daemon [_thread_in_native, id=2008, stack(0x000000704b700000,0x000000704b800000) (1024K)]
Total: 12

Other Threads:
  0x000001cdb4bc8320 VMThread "VM Thread"                           [id=9228, stack(0x000000704ac00000,0x000000704ad00000) (1024K)]
  0x000001cdb4bb2d10 WatcherThread "VM Periodic Task Thread"        [id=14184, stack(0x000000704ab00000,0x000000704ac00000) (1024K)]
  0x000001cd98c909a0 WorkerThread "GC Thread#0"                     [id=7544, stack(0x000000704a600000,0x000000704a700000) (1024K)]
  0x000001cdfac90ac0 WorkerThread "GC Thread#1"                     [id=12960, stack(0x000000704b800000,0x000000704b900000) (1024K)]
  0x000001cdfacaf170 WorkerThread "GC Thread#2"                     [id=4160, stack(0x000000704b900000,0x000000704ba00000) (1024K)]
  0x000001cdfacaf510 WorkerThread "GC Thread#3"                     [id=4664, stack(0x000000704ba00000,0x000000704bb00000) (1024K)]
  0x000001cd98ca2200 ConcurrentGCThread "G1 Main Marker"            [id=14240, stack(0x000000704a700000,0x000000704a800000) (1024K)]
  0x000001cd98ca3ab0 WorkerThread "G1 Conc#0"                       [id=13604, stack(0x000000704a800000,0x000000704a900000) (1024K)]
  0x000001cd98cfe1b0 ConcurrentGCThread "G1 Refine#0"               [id=7920, stack(0x000000704a900000,0x000000704aa00000) (1024K)]
  0x000001cdb4a874e0 ConcurrentGCThread "G1 Service"                [id=6220, stack(0x000000704aa00000,0x000000704ab00000) (1024K)]
Total: 10

Threads with active compile tasks:
C2 CompilerThread0     2052 2807       4       java.lang.invoke.MethodType::makeImpl (109 bytes)
C2 CompilerThread1     2052 2738       4       org.springframework.beans.factory.support.AbstractBeanFactory::isTypeMatch (619 bytes)
Total: 2

VM state: not at safepoint (normal execution)

VM Mutex/Monitor currently owned by a thread: None

Heap address: 0x0000000084a00000, size: 1974 MB, Compressed Oops mode: 32-bit

CDS archive(s) mapped at: [0x000001cdb5000000-0x000001cdb5c90000-0x000001cdb5c90000), size 13172736, SharedBaseAddress: 0x000001cdb5000000, ArchiveRelocationMode: 1.
Compressed class space mapped at: 0x000001cdb6000000-0x000001cdf6000000, reserved size: 1073741824
Narrow klass base: 0x000001cdb5000000, Narrow klass shift: 0, Narrow klass range: 0x100000000

GC Precious Log:
 CardTable entry size: 512
 Card Set container configuration: InlinePtr #cards 5 size 8 Array Of Cards #cards 12 size 40 Howl #buckets 4 coarsen threshold 1843 Howl Bitmap #cards 512 size 80 coarsen threshold 460 Card regions per heap region 1 cards per card region 2048
 CPUs: 4 total, 4 available
 Memory: 7889M
 Large Page Support: Disabled
 NUMA Support: Disabled
 Compressed Oops: Enabled (32-bit)
 Heap Region Size: 1M
 Heap Min Capacity: 8M
 Heap Initial Capacity: 124M
 Heap Max Capacity: 1974M
 Pre-touch: Disabled
 Parallel Workers: 4
 Concurrent Workers: 1
 Concurrent Refinement Workers: 4
 Periodic GC: Disabled

Heap:
 garbage-first heap   total 126976K, used 29483K [0x0000000084a00000, 0x0000000100000000)
  region size 1024K, 25 young (25600K), 5 survivors (5120K)
 Metaspace       used 18852K, committed 19136K, reserved 1114112K
  class space    used 2281K, committed 2432K, reserved 1048576K

Heap Regions: E=young(eden), S=young(survivor), O=old, HS=humongous(starts), HC=humongous(continues), CS=collection set, F=free, TAMS=top-at-mark-start, PB=parsable bottom
|   0|0x0000000084a00000, 0x0000000084b00000, 0x0000000084b00000|100%|HS|  |TAMS 0x0000000084a00000| PB 0x0000000084a00000| Complete 
|   1|0x0000000084b00000, 0x0000000084c00000, 0x0000000084c00000|100%| O|  |TAMS 0x0000000084b00000| PB 0x0000000084b00000| Untracked 
|   2|0x0000000084c00000, 0x0000000084d00000, 0x0000000084d00000|100%| O|  |TAMS 0x0000000084c00000| PB 0x0000000084c00000| Untracked 
|   3|0x0000000084d00000, 0x0000000084e00000, 0x0000000084e00000|100%| O|  |TAMS 0x0000000084d00000| PB 0x0000000084d00000| Untracked 
|   4|0x0000000084e00000, 0x0000000084f00000, 0x0000000084f00000|100%| O|  |TAMS 0x0000000084e00000| PB 0x0000000084e00000| Untracked 
|   5|0x0000000084f00000, 0x0000000084f8e458, 0x0000000085000000| 55%| O|  |TAMS 0x0000000084f00000| PB 0x0000000084f00000| Untracked 
|   6|0x0000000085000000, 0x0000000085000000, 0x0000000085100000|  0%| F|  |TAMS 0x0000000085000000| PB 0x0000000085000000| Untracked 
|   7|0x0000000085100000, 0x0000000085100000, 0x0000000085200000|  0%| F|  |TAMS 0x0000000085100000| PB 0x0000000085100000| Untracked 
|   8|0x0000000085200000, 0x0000000085200000, 0x0000000085300000|  0%| F|  |TAMS 0x0000000085200000| PB 0x0000000085200000| Untracked 
|   9|0x0000000085300000, 0x0000000085300000, 0x0000000085400000|  0%| F|  |TAMS 0x0000000085300000| PB 0x0000000085300000| Untracked 
|  10|0x0000000085400000, 0x0000000085400000, 0x0000000085500000|  0%| F|  |TAMS 0x0000000085400000| PB 0x0000000085400000| Untracked 
|  11|0x0000000085500000, 0x0000000085500000, 0x0000000085600000|  0%| F|  |TAMS 0x0000000085500000| PB 0x0000000085500000| Untracked 
|  12|0x0000000085600000, 0x0000000085600000, 0x0000000085700000|  0%| F|  |TAMS 0x0000000085600000| PB 0x0000000085600000| Untracked 
|  13|0x0000000085700000, 0x0000000085700000, 0x0000000085800000|  0%| F|  |TAMS 0x0000000085700000| PB 0x0000000085700000| Untracked 
|  14|0x0000000085800000, 0x0000000085800000, 0x0000000085900000|  0%| F|  |TAMS 0x0000000085800000| PB 0x0000000085800000| Untracked 
|  15|0x0000000085900000, 0x0000000085900000, 0x0000000085a00000|  0%| F|  |TAMS 0x0000000085900000| PB 0x0000000085900000| Untracked 
|  16|0x0000000085a00000, 0x0000000085a00000, 0x0000000085b00000|  0%| F|  |TAMS 0x0000000085a00000| PB 0x0000000085a00000| Untracked 
|  17|0x0000000085b00000, 0x0000000085b00000, 0x0000000085c00000|  0%| F|  |TAMS 0x0000000085b00000| PB 0x0000000085b00000| Untracked 
|  18|0x0000000085c00000, 0x0000000085c00000, 0x0000000085d00000|  0%| F|  |TAMS 0x0000000085c00000| PB 0x0000000085c00000| Untracked 
|  19|0x0000000085d00000, 0x0000000085d00000, 0x0000000085e00000|  0%| F|  |TAMS 0x0000000085d00000| PB 0x0000000085d00000| Untracked 
|  20|0x0000000085e00000, 0x0000000085e00000, 0x0000000085f00000|  0%| F|  |TAMS 0x0000000085e00000| PB 0x0000000085e00000| Untracked 
|  21|0x0000000085f00000, 0x0000000085f00000, 0x0000000086000000|  0%| F|  |TAMS 0x0000000085f00000| PB 0x0000000085f00000| Untracked 
|  22|0x0000000086000000, 0x0000000086000000, 0x0000000086100000|  0%| F|  |TAMS 0x0000000086000000| PB 0x0000000086000000| Untracked 
|  23|0x0000000086100000, 0x0000000086100000, 0x0000000086200000|  0%| F|  |TAMS 0x0000000086100000| PB 0x0000000086100000| Untracked 
|  24|0x0000000086200000, 0x0000000086200000, 0x0000000086300000|  0%| F|  |TAMS 0x0000000086200000| PB 0x0000000086200000| Untracked 
|  25|0x0000000086300000, 0x0000000086300000, 0x0000000086400000|  0%| F|  |TAMS 0x0000000086300000| PB 0x0000000086300000| Untracked 
|  26|0x0000000086400000, 0x0000000086400000, 0x0000000086500000|  0%| F|  |TAMS 0x0000000086400000| PB 0x0000000086400000| Untracked 
|  27|0x0000000086500000, 0x0000000086500000, 0x0000000086600000|  0%| F|  |TAMS 0x0000000086500000| PB 0x0000000086500000| Untracked 
|  28|0x0000000086600000, 0x0000000086600000, 0x0000000086700000|  0%| F|  |TAMS 0x0000000086600000| PB 0x0000000086600000| Untracked 
|  29|0x0000000086700000, 0x0000000086700000, 0x0000000086800000|  0%| F|  |TAMS 0x0000000086700000| PB 0x0000000086700000| Untracked 
|  30|0x0000000086800000, 0x0000000086800000, 0x0000000086900000|  0%| F|  |TAMS 0x0000000086800000| PB 0x0000000086800000| Untracked 
|  31|0x0000000086900000, 0x0000000086900000, 0x0000000086a00000|  0%| F|  |TAMS 0x0000000086900000| PB 0x0000000086900000| Untracked 
|  32|0x0000000086a00000, 0x0000000086a00000, 0x0000000086b00000|  0%| F|  |TAMS 0x0000000086a00000| PB 0x0000000086a00000| Untracked 
|  33|0x0000000086b00000, 0x0000000086b00000, 0x0000000086c00000|  0%| F|  |TAMS 0x0000000086b00000| PB 0x0000000086b00000| Untracked 
|  34|0x0000000086c00000, 0x0000000086c00000, 0x0000000086d00000|  0%| F|  |TAMS 0x0000000086c00000| PB 0x0000000086c00000| Untracked 
|  35|0x0000000086d00000, 0x0000000086d00000, 0x0000000086e00000|  0%| F|  |TAMS 0x0000000086d00000| PB 0x0000000086d00000| Untracked 
|  36|0x0000000086e00000, 0x0000000086e00000, 0x0000000086f00000|  0%| F|  |TAMS 0x0000000086e00000| PB 0x0000000086e00000| Untracked 
|  37|0x0000000086f00000, 0x0000000086f00000, 0x0000000087000000|  0%| F|  |TAMS 0x0000000086f00000| PB 0x0000000086f00000| Untracked 
|  38|0x0000000087000000, 0x0000000087000000, 0x0000000087100000|  0%| F|  |TAMS 0x0000000087000000| PB 0x0000000087000000| Untracked 
|  39|0x0000000087100000, 0x0000000087100000, 0x0000000087200000|  0%| F|  |TAMS 0x0000000087100000| PB 0x0000000087100000| Untracked 
|  40|0x0000000087200000, 0x0000000087200000, 0x0000000087300000|  0%| F|  |TAMS 0x0000000087200000| PB 0x0000000087200000| Untracked 
|  41|0x0000000087300000, 0x0000000087300000, 0x0000000087400000|  0%| F|  |TAMS 0x0000000087300000| PB 0x0000000087300000| Untracked 
|  42|0x0000000087400000, 0x0000000087400000, 0x0000000087500000|  0%| F|  |TAMS 0x0000000087400000| PB 0x0000000087400000| Untracked 
|  43|0x0000000087500000, 0x0000000087500000, 0x0000000087600000|  0%| F|  |TAMS 0x0000000087500000| PB 0x0000000087500000| Untracked 
|  44|0x0000000087600000, 0x0000000087600000, 0x0000000087700000|  0%| F|  |TAMS 0x0000000087600000| PB 0x0000000087600000| Untracked 
|  45|0x0000000087700000, 0x0000000087700000, 0x0000000087800000|  0%| F|  |TAMS 0x0000000087700000| PB 0x0000000087700000| Untracked 
|  46|0x0000000087800000, 0x0000000087800000, 0x0000000087900000|  0%| F|  |TAMS 0x0000000087800000| PB 0x0000000087800000| Untracked 
|  47|0x0000000087900000, 0x0000000087900000, 0x0000000087a00000|  0%| F|  |TAMS 0x0000000087900000| PB 0x0000000087900000| Untracked 
|  48|0x0000000087a00000, 0x0000000087a00000, 0x0000000087b00000|  0%| F|  |TAMS 0x0000000087a00000| PB 0x0000000087a00000| Untracked 
|  49|0x0000000087b00000, 0x0000000087b00000, 0x0000000087c00000|  0%| F|  |TAMS 0x0000000087b00000| PB 0x0000000087b00000| Untracked 
|  50|0x0000000087c00000, 0x0000000087c00000, 0x0000000087d00000|  0%| F|  |TAMS 0x0000000087c00000| PB 0x0000000087c00000| Untracked 
|  51|0x0000000087d00000, 0x0000000087d00000, 0x0000000087e00000|  0%| F|  |TAMS 0x0000000087d00000| PB 0x0000000087d00000| Untracked 
|  52|0x0000000087e00000, 0x0000000087e00000, 0x0000000087f00000|  0%| F|  |TAMS 0x0000000087e00000| PB 0x0000000087e00000| Untracked 
|  53|0x0000000087f00000, 0x0000000087f00000, 0x0000000088000000|  0%| F|  |TAMS 0x0000000087f00000| PB 0x0000000087f00000| Untracked 
|  54|0x0000000088000000, 0x0000000088000000, 0x0000000088100000|  0%| F|  |TAMS 0x0000000088000000| PB 0x0000000088000000| Untracked 
|  55|0x0000000088100000, 0x0000000088100000, 0x0000000088200000|  0%| F|  |TAMS 0x0000000088100000| PB 0x0000000088100000| Untracked 
|  56|0x0000000088200000, 0x0000000088200000, 0x0000000088300000|  0%| F|  |TAMS 0x0000000088200000| PB 0x0000000088200000| Untracked 
|  57|0x0000000088300000, 0x0000000088300000, 0x0000000088400000|  0%| F|  |TAMS 0x0000000088300000| PB 0x0000000088300000| Untracked 
|  58|0x0000000088400000, 0x0000000088400000, 0x0000000088500000|  0%| F|  |TAMS 0x0000000088400000| PB 0x0000000088400000| Untracked 
|  59|0x0000000088500000, 0x0000000088500000, 0x0000000088600000|  0%| F|  |TAMS 0x0000000088500000| PB 0x0000000088500000| Untracked 
|  60|0x0000000088600000, 0x0000000088600000, 0x0000000088700000|  0%| F|  |TAMS 0x0000000088600000| PB 0x0000000088600000| Untracked 
|  61|0x0000000088700000, 0x0000000088700000, 0x0000000088800000|  0%| F|  |TAMS 0x0000000088700000| PB 0x0000000088700000| Untracked 
|  62|0x0000000088800000, 0x0000000088800000, 0x0000000088900000|  0%| F|  |TAMS 0x0000000088800000| PB 0x0000000088800000| Untracked 
|  63|0x0000000088900000, 0x0000000088900000, 0x0000000088a00000|  0%| F|  |TAMS 0x0000000088900000| PB 0x0000000088900000| Untracked 
|  64|0x0000000088a00000, 0x0000000088a00000, 0x0000000088b00000|  0%| F|  |TAMS 0x0000000088a00000| PB 0x0000000088a00000| Untracked 
|  65|0x0000000088b00000, 0x0000000088b00000, 0x0000000088c00000|  0%| F|  |TAMS 0x0000000088b00000| PB 0x0000000088b00000| Untracked 
|  66|0x0000000088c00000, 0x0000000088c00000, 0x0000000088d00000|  0%| F|  |TAMS 0x0000000088c00000| PB 0x0000000088c00000| Untracked 
|  67|0x0000000088d00000, 0x0000000088d00000, 0x0000000088e00000|  0%| F|  |TAMS 0x0000000088d00000| PB 0x0000000088d00000| Untracked 
|  68|0x0000000088e00000, 0x0000000088e00000, 0x0000000088f00000|  0%| F|  |TAMS 0x0000000088e00000| PB 0x0000000088e00000| Untracked 
|  69|0x0000000088f00000, 0x0000000088f00000, 0x0000000089000000|  0%| F|  |TAMS 0x0000000088f00000| PB 0x0000000088f00000| Untracked 
|  70|0x0000000089000000, 0x0000000089000000, 0x0000000089100000|  0%| F|  |TAMS 0x0000000089000000| PB 0x0000000089000000| Untracked 
|  71|0x0000000089100000, 0x0000000089100000, 0x0000000089200000|  0%| F|  |TAMS 0x0000000089100000| PB 0x0000000089100000| Untracked 
|  72|0x0000000089200000, 0x0000000089200000, 0x0000000089300000|  0%| F|  |TAMS 0x0000000089200000| PB 0x0000000089200000| Untracked 
|  73|0x0000000089300000, 0x0000000089300000, 0x0000000089400000|  0%| F|  |TAMS 0x0000000089300000| PB 0x0000000089300000| Untracked 
|  74|0x0000000089400000, 0x0000000089400000, 0x0000000089500000|  0%| F|  |TAMS 0x0000000089400000| PB 0x0000000089400000| Untracked 
|  75|0x0000000089500000, 0x0000000089500000, 0x0000000089600000|  0%| F|  |TAMS 0x0000000089500000| PB 0x0000000089500000| Untracked 
|  76|0x0000000089600000, 0x0000000089600000, 0x0000000089700000|  0%| F|  |TAMS 0x0000000089600000| PB 0x0000000089600000| Untracked 
|  77|0x0000000089700000, 0x0000000089700000, 0x0000000089800000|  0%| F|  |TAMS 0x0000000089700000| PB 0x0000000089700000| Untracked 
|  78|0x0000000089800000, 0x0000000089800000, 0x0000000089900000|  0%| F|  |TAMS 0x0000000089800000| PB 0x0000000089800000| Untracked 
|  79|0x0000000089900000, 0x0000000089900000, 0x0000000089a00000|  0%| F|  |TAMS 0x0000000089900000| PB 0x0000000089900000| Untracked 
|  80|0x0000000089a00000, 0x0000000089a00000, 0x0000000089b00000|  0%| F|  |TAMS 0x0000000089a00000| PB 0x0000000089a00000| Untracked 
|  81|0x0000000089b00000, 0x0000000089b00000, 0x0000000089c00000|  0%| F|  |TAMS 0x0000000089b00000| PB 0x0000000089b00000| Untracked 
|  82|0x0000000089c00000, 0x0000000089c00000, 0x0000000089d00000|  0%| F|  |TAMS 0x0000000089c00000| PB 0x0000000089c00000| Untracked 
|  83|0x0000000089d00000, 0x0000000089d3c900, 0x0000000089e00000| 23%| S|CS|TAMS 0x0000000089d00000| PB 0x0000000089d00000| Complete 
|  84|0x0000000089e00000, 0x0000000089f00000, 0x0000000089f00000|100%| S|CS|TAMS 0x0000000089e00000| PB 0x0000000089e00000| Complete 
|  85|0x0000000089f00000, 0x000000008a000000, 0x000000008a000000|100%| S|CS|TAMS 0x0000000089f00000| PB 0x0000000089f00000| Complete 
|  86|0x000000008a000000, 0x000000008a100000, 0x000000008a100000|100%| S|CS|TAMS 0x000000008a000000| PB 0x000000008a000000| Complete 
|  87|0x000000008a100000, 0x000000008a200000, 0x000000008a200000|100%| S|CS|TAMS 0x000000008a100000| PB 0x000000008a100000| Complete 
|  88|0x000000008a200000, 0x000000008a200000, 0x000000008a300000|  0%| F|  |TAMS 0x000000008a200000| PB 0x000000008a200000| Untracked 
|  89|0x000000008a300000, 0x000000008a300000, 0x000000008a400000|  0%| F|  |TAMS 0x000000008a300000| PB 0x000000008a300000| Untracked 
|  90|0x000000008a400000, 0x000000008a400000, 0x000000008a500000|  0%| F|  |TAMS 0x000000008a400000| PB 0x000000008a400000| Untracked 
|  91|0x000000008a500000, 0x000000008a500000, 0x000000008a600000|  0%| F|  |TAMS 0x000000008a500000| PB 0x000000008a500000| Untracked 
|  92|0x000000008a600000, 0x000000008a600000, 0x000000008a700000|  0%| F|  |TAMS 0x000000008a600000| PB 0x000000008a600000| Untracked 
|  93|0x000000008a700000, 0x000000008a700000, 0x000000008a800000|  0%| F|  |TAMS 0x000000008a700000| PB 0x000000008a700000| Untracked 
|  94|0x000000008a800000, 0x000000008a800000, 0x000000008a900000|  0%| F|  |TAMS 0x000000008a800000| PB 0x000000008a800000| Untracked 
|  95|0x000000008a900000, 0x000000008a900000, 0x000000008aa00000|  0%| F|  |TAMS 0x000000008a900000| PB 0x000000008a900000| Untracked 
|  96|0x000000008aa00000, 0x000000008aa00000, 0x000000008ab00000|  0%| F|  |TAMS 0x000000008aa00000| PB 0x000000008aa00000| Untracked 
|  97|0x000000008ab00000, 0x000000008ab00000, 0x000000008ac00000|  0%| F|  |TAMS 0x000000008ab00000| PB 0x000000008ab00000| Untracked 
|  98|0x000000008ac00000, 0x000000008ac00000, 0x000000008ad00000|  0%| F|  |TAMS 0x000000008ac00000| PB 0x000000008ac00000| Untracked 
|  99|0x000000008ad00000, 0x000000008ad00000, 0x000000008ae00000|  0%| F|  |TAMS 0x000000008ad00000| PB 0x000000008ad00000| Untracked 
| 100|0x000000008ae00000, 0x000000008ae00000, 0x000000008af00000|  0%| F|  |TAMS 0x000000008ae00000| PB 0x000000008ae00000| Untracked 
| 101|0x000000008af00000, 0x000000008af00000, 0x000000008b000000|  0%| F|  |TAMS 0x000000008af00000| PB 0x000000008af00000| Untracked 
| 102|0x000000008b000000, 0x000000008b000000, 0x000000008b100000|  0%| F|  |TAMS 0x000000008b000000| PB 0x000000008b000000| Untracked 
| 103|0x000000008b100000, 0x000000008b100000, 0x000000008b200000|  0%| F|  |TAMS 0x000000008b100000| PB 0x000000008b100000| Untracked 
| 104|0x000000008b200000, 0x000000008b280800, 0x000000008b300000| 50%| E|  |TAMS 0x000000008b200000| PB 0x000000008b200000| Complete 
| 105|0x000000008b300000, 0x000000008b400000, 0x000000008b400000|100%| E|CS|TAMS 0x000000008b300000| PB 0x000000008b300000| Complete 
| 106|0x000000008b400000, 0x000000008b500000, 0x000000008b500000|100%| E|CS|TAMS 0x000000008b400000| PB 0x000000008b400000| Complete 
| 107|0x000000008b500000, 0x000000008b600000, 0x000000008b600000|100%| E|CS|TAMS 0x000000008b500000| PB 0x000000008b500000| Complete 
| 108|0x000000008b600000, 0x000000008b700000, 0x000000008b700000|100%| E|CS|TAMS 0x000000008b600000| PB 0x000000008b600000| Complete 
| 109|0x000000008b700000, 0x000000008b800000, 0x000000008b800000|100%| E|CS|TAMS 0x000000008b700000| PB 0x000000008b700000| Complete 
| 110|0x000000008b800000, 0x000000008b900000, 0x000000008b900000|100%| E|CS|TAMS 0x000000008b800000| PB 0x000000008b800000| Complete 
| 111|0x000000008b900000, 0x000000008ba00000, 0x000000008ba00000|100%| E|CS|TAMS 0x000000008b900000| PB 0x000000008b900000| Complete 
| 112|0x000000008ba00000, 0x000000008bb00000, 0x000000008bb00000|100%| E|CS|TAMS 0x000000008ba00000| PB 0x000000008ba00000| Complete 
| 113|0x000000008bb00000, 0x000000008bc00000, 0x000000008bc00000|100%| E|CS|TAMS 0x000000008bb00000| PB 0x000000008bb00000| Complete 
| 114|0x000000008bc00000, 0x000000008bd00000, 0x000000008bd00000|100%| E|CS|TAMS 0x000000008bc00000| PB 0x000000008bc00000| Complete 
| 115|0x000000008bd00000, 0x000000008be00000, 0x000000008be00000|100%| E|CS|TAMS 0x000000008bd00000| PB 0x000000008bd00000| Complete 
| 116|0x000000008be00000, 0x000000008bf00000, 0x000000008bf00000|100%| E|CS|TAMS 0x000000008be00000| PB 0x000000008be00000| Complete 
| 117|0x000000008bf00000, 0x000000008c000000, 0x000000008c000000|100%| E|CS|TAMS 0x000000008bf00000| PB 0x000000008bf00000| Complete 
| 118|0x000000008c000000, 0x000000008c100000, 0x000000008c100000|100%| E|CS|TAMS 0x000000008c000000| PB 0x000000008c000000| Complete 
| 119|0x000000008c100000, 0x000000008c200000, 0x000000008c200000|100%| E|CS|TAMS 0x000000008c100000| PB 0x000000008c100000| Complete 
| 120|0x000000008c200000, 0x000000008c300000, 0x000000008c300000|100%| E|CS|TAMS 0x000000008c200000| PB 0x000000008c200000| Complete 
| 121|0x000000008c300000, 0x000000008c400000, 0x000000008c400000|100%| E|CS|TAMS 0x000000008c300000| PB 0x000000008c300000| Complete 
| 122|0x000000008c400000, 0x000000008c500000, 0x000000008c500000|100%| E|CS|TAMS 0x000000008c400000| PB 0x000000008c400000| Complete 
| 123|0x000000008c500000, 0x000000008c600000, 0x000000008c600000|100%| E|CS|TAMS 0x000000008c500000| PB 0x000000008c500000| Complete 

Card table byte_map: [0x000001cdb0470000,0x000001cdb0850000] _byte_map_base: 0x000001cdb004b000

Marking Bits: (CMBitMap*) 0x000001cd98c910a0
 Bits: [0x000001cdb0850000, 0x000001cdb2728000)

Polling page: 0x000001cd96b90000

Metaspace:

Usage:
  Non-class:     16.26 MB used.
      Class:      2.24 MB used.
       Both:     18.50 MB used.

Virtual space:
  Non-class space:       64.00 MB reserved,      16.38 MB ( 26%) committed,  1 nodes.
      Class space:        1.00 GB reserved,       2.38 MB ( <1%) committed,  1 nodes.
             Both:        1.06 GB reserved,      18.75 MB (  2%) committed. 

Chunk freelists:
   Non-Class:  15.20 MB
       Class:  13.58 MB
        Both:  28.78 MB

MaxMetaspaceSize: unlimited
CompressedClassSpaceSize: 1.00 GB
Initial GC threshold: 21.00 MB
Current GC threshold: 21.00 MB
CDS: on
 - commit_granule_bytes: 65536.
 - commit_granule_words: 8192.
 - virtual_space_node_default_size: 8388608.
 - enlarge_chunks_in_place: 1.
 - use_allocation_guard: 0.


Internal statistics:

num_allocs_failed_limit: 0.
num_arena_births: 234.
num_arena_deaths: 0.
num_vsnodes_births: 2.
num_vsnodes_deaths: 0.
num_space_committed: 300.
num_space_uncommitted: 0.
num_chunks_returned_to_freelist: 0.
num_chunks_taken_from_freelist: 874.
num_chunk_merges: 0.
num_chunk_splits: 605.
num_chunks_enlarged: 478.
num_inconsistent_stats: 0.

CodeHeap 'non-profiled nmethods': size=120000Kb used=1130Kb max_used=1130Kb free=118869Kb
 bounds [0x000001cda8b60000, 0x000001cda8dd0000, 0x000001cdb0090000]
CodeHeap 'profiled nmethods': size=120000Kb used=5735Kb max_used=5735Kb free=114264Kb
 bounds [0x000001cda1090000, 0x000001cda1630000, 0x000001cda85c0000]
CodeHeap 'non-nmethods': size=5760Kb used=1409Kb max_used=1446Kb free=4350Kb
 bounds [0x000001cda85c0000, 0x000001cda8830000, 0x000001cda8b60000]
 total_blobs=3322 nmethods=2820 adapters=405
 compilation: enabled
              stopped_count=0, restarted_count=0
 full_count=0

Compilation events (20 events):
Event: 2.001 Thread 0x000001cdb4bfa150 nmethod 2797 0x000001cda8c7a410 code [0x000001cda8c7a5a0, 0x000001cda8c7a6a8]
Event: 2.001 Thread 0x000001cdb4c03020 nmethod 2795 0x000001cda1616910 code [0x000001cda1616c60, 0x000001cda1618180]
Event: 2.001 Thread 0x000001cdb4c03020 2796       3       java.lang.reflect.Method::isVarArgs (5 bytes)
Event: 2.001 Thread 0x000001cdb4c03020 nmethod 2796 0x000001cda1618c10 code [0x000001cda1618dc0, 0x000001cda1618fa8]
Event: 2.002 Thread 0x000001cdb4c03020 2798       3       java.lang.Class::getMethod (59 bytes)
Event: 2.003 Thread 0x000001cdb4c03020 nmethod 2798 0x000001cda1619090 code [0x000001cda1619340, 0x000001cda1619e98]
Event: 2.004 Thread 0x000001cdb4c03020 2799   !   3       java.lang.reflect.Proxy::newProxyInstance (75 bytes)
Event: 2.005 Thread 0x000001cdb4c03020 nmethod 2799 0x000001cda161a310 code [0x000001cda161a5a0, 0x000001cda161b1d0]
Event: 2.005 Thread 0x000001cdb4c03020 2800       3       java.lang.reflect.Proxy::<init> (15 bytes)
Event: 2.005 Thread 0x000001cdb4c03020 nmethod 2800 0x000001cda161b690 code [0x000001cda161b860, 0x000001cda161bb90]
Event: 2.008 Thread 0x000001cdb4c03020 2801       3       java.lang.invoke.DirectMethodHandle$Holder::newInvokeSpecial (28 bytes)
Event: 2.008 Thread 0x000001cdb4c03020 nmethod 2801 0x000001cda161bd10 code [0x000001cda161bf00, 0x000001cda161c670]
Event: 2.010 Thread 0x000001cdb4c03020 2802       3       java.time.Instant::<init> (15 bytes)
Event: 2.011 Thread 0x000001cdb4c03020 nmethod 2802 0x000001cda161c810 code [0x000001cda161c9c0, 0x000001cda161cb30]
Event: 2.011 Thread 0x000001cdb4c03020 2804       3       java.lang.invoke.VarHandleReferences$FieldInstanceReadWrite::compareAndSet (48 bytes)
Event: 2.011 Thread 0x000001cdb4c03020 nmethod 2804 0x000001cda161cc10 code [0x000001cda161ce80, 0x000001cda161d8b0]
Event: 2.011 Thread 0x000001cdb4c03020 2803       3       java.time.Instant::create (49 bytes)
Event: 2.012 Thread 0x000001cdb4c03020 nmethod 2803 0x000001cda161dc10 code [0x000001cda161dde0, 0x000001cda161e1d8]
Event: 2.012 Thread 0x000001cdb4c03020 2805       1       ch.qos.logback.core.pattern.Converter::getNext (5 bytes)
Event: 2.012 Thread 0x000001cdb4c03020 nmethod 2805 0x000001cda8c7a790 code [0x000001cda8c7a920, 0x000001cda8c7a9e8]

GC Heap History (6 events):
Event: 0.531 GC heap before
{Heap before GC invocations=0 (full 0):
 garbage-first heap   total 126976K, used 13312K [0x0000000084a00000, 0x0000000100000000)
  region size 1024K, 13 young (13312K), 0 survivors (0K)
 Metaspace       used 3937K, committed 4096K, reserved 1114112K
  class space    used 432K, committed 512K, reserved 1048576K
}
Event: 0.536 GC heap after
{Heap after GC invocations=1 (full 0):
 garbage-first heap   total 126976K, used 5644K [0x0000000084a00000, 0x0000000100000000)
  region size 1024K, 2 young (2048K), 2 survivors (2048K)
 Metaspace       used 3937K, committed 4096K, reserved 1114112K
  class space    used 432K, committed 512K, reserved 1048576K
}
Event: 0.947 GC heap before
{Heap before GC invocations=1 (full 0):
 garbage-first heap   total 126976K, used 18956K [0x0000000084a00000, 0x0000000100000000)
  region size 1024K, 15 young (15360K), 2 survivors (2048K)
 Metaspace       used 7591K, committed 7808K, reserved 1114112K
  class space    used 944K, committed 1088K, reserved 1048576K
}
Event: 0.952 GC heap after
{Heap after GC invocations=2 (full 0):
 garbage-first heap   total 126976K, used 7098K [0x0000000084a00000, 0x0000000100000000)
  region size 1024K, 2 young (2048K), 2 survivors (2048K)
 Metaspace       used 7591K, committed 7808K, reserved 1114112K
  class space    used 944K, committed 1088K, reserved 1048576K
}
Event: 1.493 GC heap before
{Heap before GC invocations=2 (full 0):
 garbage-first heap   total 126976K, used 40890K [0x0000000084a00000, 0x0000000100000000)
  region size 1024K, 36 young (36864K), 2 survivors (2048K)
 Metaspace       used 16136K, committed 16384K, reserved 1114112K
  class space    used 1958K, committed 2048K, reserved 1048576K
}
Event: 1.501 GC heap after
{Heap after GC invocations=3 (full 0):
 garbage-first heap   total 126976K, used 10027K [0x0000000084a00000, 0x0000000100000000)
  region size 1024K, 5 young (5120K), 5 survivors (5120K)
 Metaspace       used 16136K, committed 16384K, reserved 1114112K
  class space    used 1958K, committed 2048K, reserved 1048576K
}

Dll operation events (7 events):
Event: 0.007 Loaded shared library C:\Program Files\Java\jdk-21\bin\java.dll
Event: 0.041 Loaded shared library C:\Program Files\Java\jdk-21\bin\jsvml.dll
Event: 0.117 Loaded shared library C:\Program Files\Java\jdk-21\bin\net.dll
Event: 0.118 Loaded shared library C:\Program Files\Java\jdk-21\bin\nio.dll
Event: 0.122 Loaded shared library C:\Program Files\Java\jdk-21\bin\zip.dll
Event: 0.237 Loaded shared library C:\Program Files\Java\jdk-21\bin\jimage.dll
Event: 1.059 Loaded shared library C:\Program Files\Java\jdk-21\bin\verify.dll

Deoptimization events (20 events):
Event: 1.774 Thread 0x000001cd9696dbe0 Uncommon trap: trap_request=0xffffffde fr.pc=0x000001cda8ba51b8 relative=0x0000000000000198
Event: 1.774 Thread 0x000001cd9696dbe0 Uncommon trap: reason=class_check action=maybe_recompile pc=0x000001cda8ba51b8 method=java.lang.String.equals(Ljava/lang/Object;)Z @ 8 c2
Event: 1.774 Thread 0x000001cd9696dbe0 DEOPT PACKING pc=0x000001cda8ba51b8 sp=0x000000704a5fe850
Event: 1.774 Thread 0x000001cd9696dbe0 DEOPT UNPACKING pc=0x000001cda86146a2 sp=0x000000704a5fe7d8 mode 2
Event: 1.774 Thread 0x000001cd9696dbe0 Uncommon trap: trap_request=0xffffffde fr.pc=0x000001cda8ba51b8 relative=0x0000000000000198
Event: 1.774 Thread 0x000001cd9696dbe0 Uncommon trap: reason=class_check action=maybe_recompile pc=0x000001cda8ba51b8 method=java.lang.String.equals(Ljava/lang/Object;)Z @ 8 c2
Event: 1.774 Thread 0x000001cd9696dbe0 DEOPT PACKING pc=0x000001cda8ba51b8 sp=0x000000704a5fe850
Event: 1.774 Thread 0x000001cd9696dbe0 DEOPT UNPACKING pc=0x000001cda86146a2 sp=0x000000704a5fe7d8 mode 2
Event: 1.775 Thread 0x000001cd9696dbe0 Uncommon trap: trap_request=0xffffffde fr.pc=0x000001cda8ba51b8 relative=0x0000000000000198
Event: 1.775 Thread 0x000001cd9696dbe0 Uncommon trap: reason=class_check action=maybe_recompile pc=0x000001cda8ba51b8 method=java.lang.String.equals(Ljava/lang/Object;)Z @ 8 c2
Event: 1.775 Thread 0x000001cd9696dbe0 DEOPT PACKING pc=0x000001cda8ba51b8 sp=0x000000704a5fe4b0
Event: 1.775 Thread 0x000001cd9696dbe0 DEOPT UNPACKING pc=0x000001cda86146a2 sp=0x000000704a5fe438 mode 2
Event: 1.873 Thread 0x000001cd9696dbe0 Uncommon trap: trap_request=0xffffff45 fr.pc=0x000001cda8bf8808 relative=0x00000000000000e8
Event: 1.873 Thread 0x000001cd9696dbe0 Uncommon trap: reason=unstable_if action=reinterpret pc=0x000001cda8bf8808 method=java.util.Arrays.equals([Ljava/lang/Object;[Ljava/lang/Object;)Z @ 44 c2
Event: 1.873 Thread 0x000001cd9696dbe0 DEOPT PACKING pc=0x000001cda8bf8808 sp=0x000000704a5fdea0
Event: 1.873 Thread 0x000001cd9696dbe0 DEOPT UNPACKING pc=0x000001cda86146a2 sp=0x000000704a5fde40 mode 2
Event: 1.970 Thread 0x000001cd9696dbe0 Uncommon trap: trap_request=0xffffff45 fr.pc=0x000001cda8c7164c relative=0x000000000000020c
Event: 1.970 Thread 0x000001cd9696dbe0 Uncommon trap: reason=unstable_if action=reinterpret pc=0x000001cda8c7164c method=org.springframework.beans.factory.support.AbstractBeanFactory.isFactoryBean(Ljava/lang/String;Lorg/springframework/beans/factory/support/RootBeanDefinition;)Z @ 40 c2
Event: 1.970 Thread 0x000001cd9696dbe0 DEOPT PACKING pc=0x000001cda8c7164c sp=0x000000704a5fe520
Event: 1.970 Thread 0x000001cd9696dbe0 DEOPT UNPACKING pc=0x000001cda86146a2 sp=0x000000704a5fe4e0 mode 2

Classes loaded (20 events):
Event: 1.290 Loading class java/util/regex/Pattern$Loop done
Event: 1.290 Loading class java/util/regex/Pattern$LazyLoop done
Event: 1.290 Loading class java/util/regex/Pattern$Prolog
Event: 1.290 Loading class java/util/regex/Pattern$Prolog done
Event: 1.298 Loading class java/lang/AssertionError
Event: 1.298 Loading class java/lang/AssertionError done
Event: 1.352 Loading class java/lang/Thread$ThreadNumbering
Event: 1.352 Loading class java/lang/Thread$ThreadNumbering done
Event: 1.366 Loading class javax/naming/ldap/LdapContext
Event: 1.366 Loading class javax/naming/directory/DirContext
Event: 1.366 Loading class javax/naming/directory/DirContext done
Event: 1.366 Loading class javax/naming/ldap/LdapContext done
Event: 1.605 Loading class java/beans/PropertyVetoException
Event: 1.605 Loading class java/beans/PropertyVetoException done
Event: 1.638 Loading class java/nio/charset/CharacterCodingException
Event: 1.638 Loading class java/nio/charset/CharacterCodingException done
Event: 1.940 Loading class java/lang/UnsupportedClassVersionError
Event: 1.940 Loading class java/lang/ClassFormatError
Event: 1.940 Loading class java/lang/ClassFormatError done
Event: 1.940 Loading class java/lang/UnsupportedClassVersionError done

Classes unloaded (0 events):
No events

Classes redefined (0 events):
No events

Internal exceptions (20 events):
Event: 0.883 Thread 0x000001cd9696dbe0 Exception <a 'java/lang/NoSuchMethodError'{0x000000008ba19708}: 'java.lang.Object java.lang.invoke.DirectMethodHandle$Holder.newInvokeSpecial(java.lang.Object, long)'> (0x000000008ba19708) 
thrown [s\open\src\hotspot\share\interpreter\linkResolver.cpp, line 773]
Event: 0.896 Thread 0x000001cd9696dbe0 Exception <a 'java/lang/NoSuchMethodError'{0x000000008ba59998}: 'void java.lang.invoke.DirectMethodHandle$Holder.invokeVirtual(java.lang.Object, java.lang.Object, java.lang.Object, java.lang.Object)'> (0x000000008ba59998) 
thrown [s\open\src\hotspot\share\interpreter\linkResolver.cpp, line 773]
Event: 0.937 Thread 0x000001cd9696dbe0 Exception <a 'java/lang/NoSuchMethodError'{0x000000008b9c1ff8}: 'void java.lang.invoke.DirectMethodHandle$Holder.invokeSpecial(java.lang.Object, java.lang.Object, java.lang.Object)'> (0x000000008b9c1ff8) 
thrown [s\open\src\hotspot\share\interpreter\linkResolver.cpp, line 773]
Event: 0.938 Thread 0x000001cd9696dbe0 Exception <a 'java/lang/NoSuchMethodError'{0x000000008b9c7b60}: 'void java.lang.invoke.DirectMethodHandle$Holder.invokeSpecial(java.lang.Object, java.lang.Object, java.lang.Object, java.lang.Object, java.lang.Object)'> (0x000000008b9c7b60) 
thrown [s\open\src\hotspot\share\interpreter\linkResolver.cpp, line 773]
Event: 0.981 Thread 0x000001cdfaef5ab0 Exception <a 'java/lang/NoClassDefFoundError'{0x000000008c415b80}: jakarta/validation/Validation> (0x000000008c415b80) 
thrown [s\open\src\hotspot\share\classfile\systemDictionary.cpp, line 301]
Event: 0.981 Thread 0x000001cd9696dbe0 Exception <a 'java/lang/IncompatibleClassChangeError'{0x000000008c44ef28}: Found class java.lang.Object, but interface was expected> (0x000000008c44ef28) 
thrown [s\open\src\hotspot\share\interpreter\linkResolver.cpp, line 840]
Event: 0.989 Thread 0x000001cd9696dbe0 Exception <a 'java/lang/NoSuchMethodError'{0x000000008c462010}: 'java.lang.Object java.lang.invoke.DirectMethodHandle$Holder.invokeStaticInit(java.lang.Object, int)'> (0x000000008c462010) 
thrown [s\open\src\hotspot\share\interpreter\linkResolver.cpp, line 773]
Event: 0.992 Thread 0x000001cd9696dbe0 Exception <a 'java/lang/NoSuchMethodError'{0x000000008c46c230}: 'java.lang.Object java.lang.invoke.DirectMethodHandle$Holder.invokeStatic(java.lang.Object, int, java.lang.Object)'> (0x000000008c46c230) 
thrown [s\open\src\hotspot\share\interpreter\linkResolver.cpp, line 773]
Event: 0.993 Thread 0x000001cd9696dbe0 Exception <a 'java/lang/NoSuchMethodError'{0x000000008c46f880}: 'java.lang.Object java.lang.invoke.DirectMethodHandle$Holder.invokeStaticInit(java.lang.Object, int, java.lang.Object)'> (0x000000008c46f880) 
thrown [s\open\src\hotspot\share\interpreter\linkResolver.cpp, line 773]
Event: 1.102 Thread 0x000001cd9696dbe0 Exception <a 'java/lang/NoSuchMethodError'{0x000000008ba3de40}: 'int java.lang.invoke.Invokers$Holder.invokeExact_MT(java.lang.Object, java.lang.Object)'> (0x000000008ba3de40) 
thrown [s\open\src\hotspot\share\interpreter\linkResolver.cpp, line 773]
Event: 1.283 Thread 0x000001cd9696dbe0 Exception <a 'java/lang/NoSuchMethodError'{0x000000008abb5210}: 'int java.lang.invoke.DirectMethodHandle$Holder.invokeSpecial(java.lang.Object, java.lang.Object, java.lang.Object, java.lang.Object, java.lang.Object)'> (0x000000008abb5210) 
thrown [s\open\src\hotspot\share\interpreter\linkResolver.cpp, line 773]
Event: 1.286 Thread 0x000001cd9696dbe0 Exception <a 'java/lang/NoSuchMethodError'{0x000000008abbd420}: 'void java.lang.invoke.DirectMethodHandle$Holder.invokeVirtual(java.lang.Object, java.lang.Object)'> (0x000000008abbd420) 
thrown [s\open\src\hotspot\share\interpreter\linkResolver.cpp, line 773]
Event: 1.296 Thread 0x000001cdfaef5ab0 Exception <a 'java/lang/NoSuchMethodError'{0x000000008aa86698}: 'long java.lang.invoke.DirectMethodHandle$Holder.invokeSpecial(java.lang.Object, java.lang.Object)'> (0x000000008aa86698) 
thrown [s\open\src\hotspot\share\interpreter\linkResolver.cpp, line 773]
Event: 1.298 Thread 0x000001cdfaef5ab0 Exception <a 'java/lang/NoSuchMethodError'{0x000000008aa90470}: 'long java.lang.invoke.DirectMethodHandle$Holder.invokeStatic(java.lang.Object, java.lang.Object)'> (0x000000008aa90470) 
thrown [s\open\src\hotspot\share\interpreter\linkResolver.cpp, line 773]
Event: 1.298 Thread 0x000001cdfaef5ab0 Exception <a 'java/lang/NoSuchMethodError'{0x000000008aa937d8}: 'long java.lang.invoke.DirectMethodHandle$Holder.invokeStaticInit(java.lang.Object, java.lang.Object)'> (0x000000008aa937d8) 
thrown [s\open\src\hotspot\share\interpreter\linkResolver.cpp, line 773]
Event: 1.300 Thread 0x000001cdfaef5ab0 Exception <a 'java/lang/NoSuchMethodError'{0x000000008aa9f920}: 'long java.lang.invoke.DirectMethodHandle$Holder.invokeInterface(java.lang.Object, java.lang.Object)'> (0x000000008aa9f920) 
thrown [s\open\src\hotspot\share\interpreter\linkResolver.cpp, line 773]
Event: 1.300 Thread 0x000001cdfaef5ab0 Exception <a 'java/lang/IncompatibleClassChangeError'{0x000000008aaa2bd0}: Found class java.lang.Object, but interface was expected> (0x000000008aaa2bd0) 
thrown [s\open\src\hotspot\share\interpreter\linkResolver.cpp, line 840]
Event: 1.310 Thread 0x000001cdfaef5ab0 Exception <a 'java/lang/NoSuchMethodError'{0x000000008a9a5c58}: 'java.lang.Object java.lang.invoke.DirectMethodHandle$Holder.invokeVirtual(java.lang.Object, java.lang.Object, java.lang.Object, java.lang.Object)'> (0x000000008a9a5c58) 
thrown [s\open\src\hotspot\share\interpreter\linkResolver.cpp, line 773]
Event: 1.408 Thread 0x000001cd9696dbe0 Exception <a 'java/lang/IncompatibleClassChangeError'{0x000000008a43b568}: Found class java.lang.Object, but interface was expected> (0x000000008a43b568) 
thrown [s\open\src\hotspot\share\interpreter\linkResolver.cpp, line 840]
Event: 1.445 Thread 0x000001cd9696dbe0 Exception <a 'java/lang/NoSuchMethodError'{0x000000008a363620}: 'void java.lang.invoke.DirectMethodHandle$Holder.invokeInterface(java.lang.Object, java.lang.Object, java.lang.Object, java.lang.Object)'> (0x000000008a363620) 
thrown [s\open\src\hotspot\share\interpreter\linkResolver.cpp, line 773]

ZGC Phase Switch (0 events):
No events

VM Operations (20 events):
Event: 0.934 Executing VM operation: HandshakeAllThreads (Deoptimize)
Event: 0.934 Executing VM operation: HandshakeAllThreads (Deoptimize) done
Event: 0.947 Executing VM operation: G1CollectForAllocation (G1 Evacuation Pause)
Event: 0.952 Executing VM operation: G1CollectForAllocation (G1 Evacuation Pause) done
Event: 1.125 Executing VM operation: HandshakeAllThreads (Deoptimize)
Event: 1.125 Executing VM operation: HandshakeAllThreads (Deoptimize) done
Event: 1.214 Executing VM operation: HandshakeAllThreads (Deoptimize)
Event: 1.214 Executing VM operation: HandshakeAllThreads (Deoptimize) done
Event: 1.251 Executing VM operation: HandshakeAllThreads (Deoptimize)
Event: 1.251 Executing VM operation: HandshakeAllThreads (Deoptimize) done
Event: 1.267 Executing VM operation: HandshakeAllThreads (Deoptimize)
Event: 1.267 Executing VM operation: HandshakeAllThreads (Deoptimize) done
Event: 1.399 Executing VM operation: ICBufferFull
Event: 1.399 Executing VM operation: ICBufferFull done
Event: 1.493 Executing VM operation: G1CollectForAllocation (G1 Evacuation Pause)
Event: 1.501 Executing VM operation: G1CollectForAllocation (G1 Evacuation Pause) done
Event: 1.756 Executing VM operation: ICBufferFull
Event: 1.756 Executing VM operation: ICBufferFull done
Event: 1.780 Executing VM operation: HandshakeAllThreads (Deoptimize)
Event: 1.780 Executing VM operation: HandshakeAllThreads (Deoptimize) done

Events (16 events):
Event: 0.023 Thread 0x000001cd9696dbe0 Thread added: 0x000001cd9696dbe0
Event: 0.039 Thread 0x000001cdb4bebdf0 Thread added: 0x000001cdb4bebdf0
Event: 0.039 Thread 0x000001cdb4becb10 Thread added: 0x000001cdb4becb10
Event: 0.039 Thread 0x000001cdb4bf0630 Thread added: 0x000001cdb4bf0630
Event: 0.040 Thread 0x000001cdb4bf1310 Thread added: 0x000001cdb4bf1310
Event: 0.040 Thread 0x000001cdb4bf4520 Thread added: 0x000001cdb4bf4520
Event: 0.040 Thread 0x000001cdb4bf5720 Thread added: 0x000001cdb4bf5720
Event: 0.040 Thread 0x000001cdb4bfa150 Thread added: 0x000001cdb4bfa150
Event: 0.040 Thread 0x000001cdb4c03020 Thread added: 0x000001cdb4c03020
Event: 0.108 Thread 0x000001cdfa12f050 Thread added: 0x000001cdfa12f050
Event: 0.111 Thread 0x000001cdfa131ca0 Thread added: 0x000001cdfa131ca0
Event: 0.139 Thread 0x000001cdfa1d2350 Thread added: 0x000001cdfa1d2350
Event: 0.977 Thread 0x000001cdfaef5ab0 Thread added: 0x000001cdfaef5ab0
Event: 1.313 Thread 0x000001cdfaef5ab0 Thread exited: 0x000001cdfaef5ab0
Event: 1.352 Thread 0x000001cdfaef5ab0 Thread added: 0x000001cdfaef5ab0
Event: 1.378 Thread 0x000001cdfaef5ab0 Thread exited: 0x000001cdfaef5ab0


Dynamic libraries:
0x00007ff6c70c0000 - 0x00007ff6c70d0000 	C:\Program Files\Java\jdk-21\bin\java.exe
0x00007ffa89930000 - 0x00007ffa89b28000 	C:\WINDOWS\SYSTEM32\ntdll.dll
0x00007ffa88c10000 - 0x00007ffa88ccd000 	C:\WINDOWS\System32\KERNEL32.DLL
0x00007ffa870c0000 - 0x00007ffa873b6000 	C:\WINDOWS\System32\KERNELBASE.dll
0x00007ffa875d0000 - 0x00007ffa876d0000 	C:\WINDOWS\System32\ucrtbase.dll
0x00007ffa6f8d0000 - 0x00007ffa6f8eb000 	C:\Program Files\Java\jdk-21\bin\VCRUNTIME140.dll
0x00007ffa77fd0000 - 0x00007ffa77fe9000 	C:\Program Files\Java\jdk-21\bin\jli.dll
0x00007ffa883e0000 - 0x00007ffa88490000 	C:\WINDOWS\System32\ADVAPI32.dll
0x00007ffa87a10000 - 0x00007ffa87aae000 	C:\WINDOWS\System32\msvcrt.dll
0x00007ffa88670000 - 0x00007ffa88710000 	C:\WINDOWS\System32\sechost.dll
0x00007ffa87ab0000 - 0x00007ffa87bd3000 	C:\WINDOWS\System32\RPCRT4.dll
0x00007ffa86fe0000 - 0x00007ffa87007000 	C:\WINDOWS\System32\bcrypt.dll
0x00007ffa884d0000 - 0x00007ffa8866f000 	C:\WINDOWS\System32\USER32.dll
0x00007ffa78ea0000 - 0x00007ffa7913a000 	C:\WINDOWS\WinSxS\amd64_microsoft.windows.common-controls_6595b64144ccf1df_6.0.19041.4355_none_60b8b9eb71f62e16\COMCTL32.dll
0x00007ffa87480000 - 0x00007ffa874a2000 	C:\WINDOWS\System32\win32u.dll
0x00007ffa89560000 - 0x00007ffa8958b000 	C:\WINDOWS\System32\GDI32.dll
0x00007ffa874b0000 - 0x00007ffa875c7000 	C:\WINDOWS\System32\gdi32full.dll
0x00007ffa876d0000 - 0x00007ffa8776d000 	C:\WINDOWS\System32\msvcp_win.dll
0x00007ffa7ef00000 - 0x00007ffa7ef0a000 	C:\WINDOWS\SYSTEM32\VERSION.dll
0x00007ffa88490000 - 0x00007ffa884c2000 	C:\WINDOWS\System32\IMM32.DLL
0x00007ffa782e0000 - 0x00007ffa782ec000 	C:\Program Files\Java\jdk-21\bin\vcruntime140_1.dll
0x00007ffa4e080000 - 0x00007ffa4e10e000 	C:\Program Files\Java\jdk-21\bin\msvcp140.dll
0x00007ffa47980000 - 0x00007ffa48695000 	C:\Program Files\Java\jdk-21\bin\server\jvm.dll
0x00007ffa88830000 - 0x00007ffa8889b000 	C:\WINDOWS\System32\WS2_32.dll
0x00007ffa864f0000 - 0x00007ffa8653b000 	C:\WINDOWS\SYSTEM32\POWRPROF.dll
0x00007ffa7db40000 - 0x00007ffa7db67000 	C:\WINDOWS\SYSTEM32\WINMM.dll
0x00007ffa863a0000 - 0x00007ffa863b2000 	C:\WINDOWS\SYSTEM32\UMPDC.dll
0x00007ffa84e40000 - 0x00007ffa84e52000 	C:\WINDOWS\SYSTEM32\kernel.appcore.dll
0x00007ffa781a0000 - 0x00007ffa781aa000 	C:\Program Files\Java\jdk-21\bin\jimage.dll
0x00007ffa79980000 - 0x00007ffa79b64000 	C:\WINDOWS\SYSTEM32\DBGHELP.DLL
0x00007ffa6c530000 - 0x00007ffa6c564000 	C:\WINDOWS\SYSTEM32\dbgcore.DLL
0x00007ffa878d0000 - 0x00007ffa87952000 	C:\WINDOWS\System32\bcryptPrimitives.dll
0x00007ffa6c630000 - 0x00007ffa6c64f000 	C:\Program Files\Java\jdk-21\bin\java.dll
0x00007ffa87be0000 - 0x00007ffa8834b000 	C:\WINDOWS\System32\SHELL32.dll
0x00007ffa85040000 - 0x00007ffa857dd000 	C:\WINDOWS\SYSTEM32\windows.storage.dll
0x00007ffa89590000 - 0x00007ffa898e3000 	C:\WINDOWS\System32\combase.dll
0x00007ffa86a00000 - 0x00007ffa86a2e000 	C:\WINDOWS\SYSTEM32\Wldp.dll
0x00007ffa889d0000 - 0x00007ffa88a9d000 	C:\WINDOWS\System32\OLEAUT32.dll
0x00007ffa87960000 - 0x00007ffa87a0d000 	C:\WINDOWS\System32\SHCORE.dll
0x00007ffa894f0000 - 0x00007ffa89545000 	C:\WINDOWS\System32\shlwapi.dll
0x00007ffa86f10000 - 0x00007ffa86f34000 	C:\WINDOWS\SYSTEM32\profapi.dll
0x00007ffa4cdd0000 - 0x00007ffa4cea7000 	C:\Program Files\Java\jdk-21\bin\jsvml.dll
0x00007ffa6faf0000 - 0x00007ffa6fb00000 	C:\Program Files\Java\jdk-21\bin\net.dll
0x00007ffa7d810000 - 0x00007ffa7d91a000 	C:\WINDOWS\SYSTEM32\WINHTTP.dll
0x00007ffa86740000 - 0x00007ffa867aa000 	C:\WINDOWS\system32\mswsock.dll
0x00007ffa6b030000 - 0x00007ffa6b046000 	C:\Program Files\Java\jdk-21\bin\nio.dll
0x00007ffa6c5c0000 - 0x00007ffa6c5d8000 	C:\Program Files\Java\jdk-21\bin\zip.dll
0x00007ffa6fa80000 - 0x00007ffa6fa90000 	C:\Program Files\Java\jdk-21\bin\verify.dll

dbghelp: loaded successfully - version: 4.0.5 - missing functions: none
symbol engine: initialized successfully - sym options: 0x614 - pdb path: .;C:\Program Files\Java\jdk-21\bin;C:\WINDOWS\SYSTEM32;C:\WINDOWS\WinSxS\amd64_microsoft.windows.common-controls_6595b64144ccf1df_6.0.19041.4355_none_60b8b9eb71f62e16;C:\Program Files\Java\jdk-21\bin\server

VM Arguments:
jvm_args: -Dfile.encoding=windows-1252 -Duser.country=IT -Duser.language=it -Duser.variant 
java_command: myfloristapp.MyFloristAppApplication
java_class_path (initial): D:\intellij\my-florist-app\build\classes\java\main;D:\intellij\my-florist-app\build\resources\main;C:\Users\infod\.gradle\caches\modules-2\files-2.1\org.springframework.boot\spring-boot-starter-data-jpa\3.0.0\3fa6a036bc4f0383ebb6105420d36ce9580d5fe9\spring-boot-starter-data-jpa-3.0.0.jar;C:\Users\infod\.gradle\caches\modules-2\files-2.1\org.springframework.boot\spring-boot-starter-web\3.0.0\5dd6c38f60b915dce2c4a340f4ea68f2e52306f8\spring-boot-starter-web-3.0.0.jar;C:\Users\infod\.gradle\caches\modules-2\files-2.1\org.springframework.boot\spring-boot-starter-aop\3.0.0\aff0890dc80d8838cfa3276abfda07d9bfb0d730\spring-boot-starter-aop-3.0.0.jar;C:\Users\infod\.gradle\caches\modules-2\files-2.1\org.springframework.boot\spring-boot-starter-jdbc\3.0.0\359bce4bbc4229586b39867f35a9a613473d4032\spring-boot-starter-jdbc-3.0.0.jar;C:\Users\infod\.gradle\caches\modules-2\files-2.1\org.hibernate.orm\hibernate-core\6.1.5.Final\b8536d33e7221e85553f0cdaadd9669baff2da9a\hibernate-core-6.1.5.Final.jar;C:\Users\infod\.gradle\caches\modules-2\files-2.1\org.springframework.data\spring-data-jpa\3.0.0\c1289ab131eddd70fc35beb880927f4808d5d5f1\spring-data-jpa-3.0.0.jar;C:\Users\infod\.gradle\caches\modules-2\files-2.1\org.springframework\spring-aspects\6.0.2\81628dd21604716113be4dd3645cbc19d0f1f8c7\spring-aspects-6.0.2.jar;C:\Users\infod\.gradle\caches\modules-2\files-2.1\org.springframework.boot\spring-boot-starter-json\3.0.0\beb1a175ad3cdec82ebd36dd1ddd08a9738a2d86\spring-boot-starter-json-3.0.0.jar;C:\Users\infod\.gradle\caches\modules-2\files-2.1\org.springframework.boot\spring-boot-starter\3.0.0\18c02ab19529d866723b40c03021cd731c3edb50\spring-boot-starter-3.0.0.jar;C:\Users\infod\.gradle\caches\modules-2\files-2.1\org.springframework.boot\spring-boot-starter-tomcat\3.0.0\cbaf1a7a69a4a4126896bc397c14b9281634f8e7\spring-boot-starter-tomcat-3.0.0.jar;C:\Users\infod\.gradle\caches\modules-2\files-2.1\org.springframework\spring-webmvc\6.0.2\cf96960288ba6a95da3488b6d255803c50fa1927\spring-webmvc-6.0.2.jar;C:\Users\infod\.gradle\caches\modules-2\files-2.1\org.springframework\spring-web\6.0.2\39dde8bfcc9074af0fcec924ca7465cb90eb25d4\spring-web-6.0.2.jar;C:\Users\infod\.gradle\caches\modules-2\files-2.1\com.mysql\mysql-connector-j\8.0.31\3fd5850719d7e82d50705d34cc6a0037fab5731f\mysql-connector-j-8.0.31.jar;C:\Users\infod\.gradle\caches\modules-2\files-2.1\org.springframework.boot\spring-boot-autoconfigure\3.0.0\11c57cfd7a6c6ef2cf16cc91c4d9173f6ab16dd2\spring-boot-autoconfigure-3.0.0.jar;C:\Users\infod\.gradle\caches\modules-2\files-2.1\org.springframework.boot\spring-boot\3.0.0\dcf84aaccdb294b8fe53a92b57efecf16708eb2c\spring-boot-3.0.0.jar;C:\Users\infod\.gradle\caches\modules-2\files-2.1\org.springframework\spring-context\6.0.2\649dc1c9947da39a0d4e3869d61e7270489aaa25\spring-context-6.0.2.jar;C:\Users\infod\.gradle\caches\modules-2\files-2.1\org.springframework\spring-aop\6.0.2\fe73295dd65e6b2f53986622c1e622cd3d09aa03\spring-aop-6.0.2.jar;C:\Users\infod\.gradle\caches\modules-2\files-2.1\org.aspectj\aspectjweaver\1.9.9.1\dcd2703279a94ad909fa3f3d08671cb0f2dabf7\aspectjweaver-1.9.9.1.jar;C:\Users\infod\.gradle\caches\modules-2\files-2.1\com.zaxxer\HikariCP\5.0.1\a74c7f0a37046846e88d54f7cb6ea6d565c65f9c\HikariCP-5.0.1.jar;C:\Users\infod\.gradle\caches\modules-2\files-2.1\org.springframework\spring-orm\6.0.2\5d2ef232c075b271b2dae2327e82d88e7feb6c3b\spring-orm-6.0.2.jar;C:\Users\infod\.gradle\caches\modules-2\files-2.1\org.springframework\spring-jdbc\6.0.2\258825b19c01fbe7107b0233de26e4b53a74e6b8\spring-jdbc-6.0.2.jar;C:\Users\infod\.gradle\caches\modules-2\files-2.1\jakarta.persistence\jakarta.persistence-api\3.1.0\66901fa1c373c6aff65c13791cc11da72060a8d6\jakarta.persistence-api-3.1.0.jar;C:\Users\infod\.gradle\caches\modules-2\files-2.1\jakarta.transaction\jakarta.transaction-api\2.0.1\51a520e3fae406abb84e2e1148e6746ce3f80a1a\jakarta.transaction-api-2.0.1.jar;C:\Users\infod\.gradle\caches\modules-2\files-2.1\org.jboss.logging\jboss-logging\3.5.0.Final\c19307cc11f28f5e2679347e633a3294d865334d\jboss-logging-3.5.0.Final.jar;C:\Users\infod\.gradle\caches\modules-2\files-2.1\org.hibernate.common\hibernate-commons-annotations\6.0.2.Final\fa5a14ef3d2e5c3c99b53a4bef756a3268d69187\hibernate-commons-annotations-6.0.2.Final.jar;C:\Users\infod\.gradle\caches\modules-2\files-2.1\org.jboss\jandex\2.4.2.Final\1e1c385990b258ff1a24c801e84aebbacf70eb39\jandex-2.4.2.Final.jar;C:\Users\infod\.gradle\caches\modules-2\files-2.1\com.fasterxml\classmate\1.5.1\3fe0bed568c62df5e89f4f174c101eab25345b6c\classmate-1.5.1.jar;C:\Users\infod\.gradle\caches\modules-2\files-2.1\net.bytebuddy\byte-buddy\1.12.19\178d26e6a95e50502ae16673e08269797f8b254a\byte-buddy-1.12.19.jar;C:\Users\infod\.gradle\caches\modules-2\files-2.1\org.glassfish.jaxb\jaxb-runtime\4.0.1\7abfa1ee788a8f090dc598c45876ef068731e72b\jaxb-runtime-4.0.1.jar;C:\Users\infod\.gradle\caches\modules-2\files-2.1\org.glassfish.jaxb\jaxb-core\4.0.1\b4707bb31dfcf54ae424b930741f0cd62d672af9\jaxb-core-4.0.1.jar;C:\Users\infod\.gradle\caches\modules-2\files-2.1\jakarta.xml.bind\jakarta.xml.bind-api\4.0.0\bbb399208d288b15ec101fa4fcfc4bd77cedc97a\jakarta.xml.bind-api-4.0.0.jar;C:\Users\infod\.gradle\caches\modules-2\files-2.1\jakarta.inject\jakarta.inject-api\2.0.0\46fc8560b6fd17b78396d88f39c1a730457671f0\jakarta.inject-api-2.0.0.jar;C:\Users\infod\.gradle\caches\modules-2\files-2.1\org.antlr\antlr4-runtime\4.10.1\10839f875928f59c622d675091d51a43ea0dc5f7\antlr4-runtime-4.10.1.jar;C:\Users\infod\.gradle\caches\modules-2\files-2.1\org.springframework.data\spring-data-commons\3.0.0\79f898c8a9d926f6434ae53c9a927a299e079663\spring-data-commons-3.0.0.jar;C:\Users\infod\.gradle\caches\modules-2\files-2.1\org.springframework\spring-tx\6.0.2\fafb1f39570e73e43f8ebc6379423036ae5c9698\spring-tx-6.0.2.jar;C:\Users\infod\.gradle\caches\modules-2\files-2.1\org.springframework\spring-beans\6.0.2\87ded7c3d973ec0bfebe0b6511375ffebe178ae5\spring-beans-6.0.2.jar;C:\Users\infod\.gradle\caches\modules-2\files-2.1\org.springframework\spring-expression\6.0.2\89687daffb67231f6be7783775c1f0d46f4541fe\spring-expression-6.0.2.jar;C:\Users\infod\.gradle\caches\modules-2\files-2.1\org.springframework\spring-core\6.0.2\43f8a6c8b522181d507705aac0e1f1b1e81e7701\spring-core-6.0.2.jar;C:\Users\infod\.gradle\caches\modules-2\files-2.1\jakarta.annotation\jakarta.annotation-api\2.1.1\48b9bda22b091b1f48b13af03fe36db3be6e1ae3\jakarta.annotation-api-2.1.1.jar;C:\Users\infod\.gradle\caches\modules-2\files-2.1\org.springframework.boot\spring-boot-starter-logging\3.0.0\af37a21b0be9c0c8cd11e3f8a3330b314af639d3\spring-boot-starter-logging-3.0.0.jar;C:\Users\infod\.gradle\caches\modules-2\files-2.1\ch.qos.logback\logback-classic\1.4.5\28e7dc0b208d6c3f15beefd73976e064b4ecfa9b\logback-classic-1.4.5.jar;C:\Users\infod\.gradle\caches\modules-2\files-2.1\org.apache.logging.log4j\log4j-to-slf4j\2.19.0\30f4812e43172ecca5041da2cb6b965cc4777c19\log4j-to-slf4j-2.19.0.jar;C:\Users\infod\.gradle\caches\modules-2\files-2.1\org.slf4j\jul-to-slf4j\2.0.4\37418ab81680501a3a1e58e04d1341a5efe1c162\jul-to-slf4j-2.0.4.jar;C:\Users\infod\.gradle\caches\modules-2\files-2.1\org.slf4j\slf4j-api\2.0.4\30d5eb5360bd113ce96f9e49e3431993bbf1b247\slf4j-api-2.0.4.jar;C:\Users\infod\.gradle\caches\modules-2\files-2.1\org.yaml\snakeyaml\1.33\2cd0a87ff7df953f810c344bdf2fe3340b954c69\snakeyaml-1.33.jar;C:\Users\infod\.gradle\caches\modules-2\files-2.1\com.fasterxml.jackson.datatype\jackson-datatype-jsr310\2.14.1\f24e8cb1437e05149b7a3049ebd6700f42e664b1\jackson-datatype-jsr310-2.14.1.jar;C:\Users\infod\.gradle\caches\modules-2\files-2.1\com.fasterxml.jackson.module\jackson-module-parameter-names\2.14.1\2e05a86dba3d4b05074b6a313c4d5b7ff844c8dd\jackson-module-parameter-names-2.14.1.jar;C:\Users\infod\.gradle\caches\modules-2\files-2.1\com.fasterxml.jackson.core\jackson-annotations\2.14.1\2a6ad504d591a7903ffdec76b5b7252819a2d162\jackson-annotations-2.14.1.jar;C:\Users\infod\.gradle\caches\modules-2\files-2.1\com.fasterxml.jackson.core\jackson-core\2.14.1\7a07bc535ccf0b7f6929c4d0f2ab9b294ef7c4a3\jackson-core-2.14.1.jar;C:\Users\infod\.gradle\caches\modules-2\files-2.1\com.fasterxml.jackson.datatype\jackson-datatype-jdk8\2.14.1\da194197d187bf24a8699514344ebf0abd7c342a\jackson-datatype-jdk8-2.14.1.jar;C:\Users\infod\.gradle\caches\modules-2\files-2.1\com.fasterxml.jackson.core\jackson-databind\2.14.1\268524b9056cae1211b9f1f52560ef19347f4d17\jackson-databind-2.14.1.jar;C:\Users\infod\.gradle\caches\modules-2\files-2.1\org.apache.tomcat.embed\tomcat-embed-websocket\10.1.1\c5a12c16c7ae8dc39f6dad01e486f6c76ef10343\tomcat-embed-websocket-10.1.1.jar;C:\Users\infod\.gradle\caches\modules-2\files-2.1\org.apache.tomcat.embed\tomcat-embed-core\10.1.1\d3bbf1c2c71a79c5c472090c31e3c28efea5304e\tomcat-embed-core-10.1.1.jar;C:\Users\infod\.gradle\caches\modules-2\files-2.1\org.apache.tomcat.embed\tomcat-embed-el\10.1.1\a5282bdc29026cacc8e2941b53c78621beed4c7\tomcat-embed-el-10.1.1.jar;C:\Users\infod\.gradle\caches\modules-2\files-2.1\io.micrometer\micrometer-observation\1.10.2\5b63205c0e9f3acf4b84f852ea707f9f9fffda6f\micrometer-observation-1.10.2.jar;C:\Users\infod\.gradle\caches\modules-2\files-2.1\org.eclipse.angus\angus-activation\1.0.0\f0ceddd49f92109fbfad9125e958f5bfd3f2aa1\angus-activation-1.0.0.jar;C:\Users\infod\.gradle\caches\modules-2\files-2.1\jakarta.activation\jakarta.activation-api\2.1.0\a58861b5deac5e151140511cf57d6b80a83f2d20\jakarta.activation-api-2.1.0.jar;C:\Users\infod\.gradle\caches\modules-2\files-2.1\org.springframework\spring-jcl\6.0.2\5eec2672aab8f80a54ea9047938884813c9eeec8\spring-jcl-6.0.2.jar;C:\Users\infod\.gradle\caches\modules-2\files-2.1\io.micrometer\micrometer-commons\1.10.2\3a97e1874b8ca9c1c08f67d58bf7d567bb748601\micrometer-commons-1.10.2.jar;C:\Users\infod\.gradle\caches\modules-2\files-2.1\org.glassfish.jaxb\txw2\4.0.1\797720dfe2e15504f6014fb82eb873051a653c75\txw2-4.0.1.jar;C:\Users\infod\.gradle\caches\modules-2\files-2.1\com.sun.istack\istack-commons-runtime\4.1.1\9b3769c76235bc283b060da4fae2318c6d53f07e\istack-commons-runtime-4.1.1.jar;C:\Users\infod\.gradle\caches\modules-2\files-2.1\ch.qos.logback\logback-core\1.4.5\e9bb2ea70f84401314da4300343b0a246c8954da\logback-core-1.4.5.jar;C:\Users\infod\.gradle\caches\modules-2\files-2.1\org.apache.logging.log4j\log4j-api\2.19.0\ea1b37f38c327596b216542bc636cfdc0b8036fa\log4j-api-2.19.0.jar
Launcher Type: SUN_STANDARD

[Global flags]
     intx CICompilerCount                          = 3                                         {product} {ergonomic}
     uint ConcGCThreads                            = 1                                         {product} {ergonomic}
     uint G1ConcRefinementThreads                  = 4                                         {product} {ergonomic}
   size_t G1HeapRegionSize                         = 1048576                                   {product} {ergonomic}
    uintx GCDrainStackTargetSize                   = 64                                        {product} {ergonomic}
   size_t InitialHeapSize                          = 130023424                                 {product} {ergonomic}
   size_t MarkStackSize                            = 4194304                                   {product} {ergonomic}
   size_t MaxHeapSize                              = 2069889024                                {product} {ergonomic}
   size_t MaxNewSize                               = 1241513984                                {product} {ergonomic}
   size_t MinHeapDeltaBytes                        = 1048576                                   {product} {ergonomic}
   size_t MinHeapSize                              = 8388608                                   {product} {ergonomic}
    uintx NonNMethodCodeHeapSize                   = 5832780                                {pd product} {ergonomic}
    uintx NonProfiledCodeHeapSize                  = 122912730                              {pd product} {ergonomic}
    uintx ProfiledCodeHeapSize                     = 122912730                              {pd product} {ergonomic}
    uintx ReservedCodeCacheSize                    = 251658240                              {pd product} {ergonomic}
     bool SegmentedCodeCache                       = true                                      {product} {ergonomic}
   size_t SoftMaxHeapSize                          = 2069889024                             {manageable} {ergonomic}
     bool UseCompressedOops                        = true                           {product lp64_product} {ergonomic}
     bool UseG1GC                                  = true                                      {product} {ergonomic}
     bool UseLargePagesIndividualAllocation        = false                                  {pd product} {ergonomic}

Logging:
Log output configuration:
 #0: stdout all=warning uptime,level,tags foldmultilines=false
 #1: stderr all=off uptime,level,tags foldmultilines=false

Environment Variables:
PATH=C:\Program Files\Common Files\Oracle\Java\javapath;C:\Python39\Scripts\;C:\Python39\;C:\Program Files (x86)\Common Files\Oracle\Java\javapath;C:\Program Files (x86)\Common Files\Intel\Shared Libraries\redist\ia32\compiler;C:\Program Files (x86)\Common Files\Intel\Shared Libraries\redist\intel64\compiler;C:\WINDOWS\system32;C:\WINDOWS;C:\WINDOWS\System32\Wbem;C:\WINDOWS\System32\WindowsPowerShell\v1.0\;C:\WINDOWS\System32\OpenSSH\;C:\Program Files\Common Files\Autodesk Shared\;C:\Program Files\Microsoft SQL Server\120\Tools\Binn\;C:\ProgramData\chocolatey\bin;C:\Program Files\Git\cmd;C:\Program Files\MySQL\MySQL Utilities 1.6\;C:\Program Files (x86)\Paragon Software\APFS for Windows\;C:\Program Files\Amazon\AWSCLIV2\;C:\Users\infod\AppData\Roaming\nvm;C:\Program Files\nodejs;C:\Program Files\Docker\Docker\resources\bin;C:\Users\infod\.console-ninja\.bin;C:\Users\infod\AppData\Local\Programs\Python\Python310\Scripts\;C:\Users\infod\AppData\Local\Programs\Python\Python310\;C:\Users\infod\AppData\Local\Microsoft\WindowsApps;C:\Users\infod\AppData\Local\Programs\Microsoft VS Code\bin;C:\Program Files\JetBrains\PyCharm Community Edition 2022.1.4\bin;C:\Users\infod\AppData\Roaming\npm;C:\Users\infod\AppData\Roaming\nvm;C:\Program Files\nodejs
USERNAME=infod
OS=Windows_NT
PROCESSOR_IDENTIFIER=Intel64 Family 6 Model 58 Stepping 9, GenuineIntel
TMP=C:\Users\infod\AppData\Local\Temp
TEMP=C:\Users\infod\AppData\Local\Temp




Periodic native trim disabled

---------------  S Y S T E M  ---------------

OS:
 Windows 10 , 64 bit Build 19041 (10.0.19041.3636)
OS uptime: 0 days 3:06 hours
Hyper-V role detected

CPU: total 4 (initial active 4) (4 cores per cpu, 1 threads per core) family 6 model 58 stepping 9 microcode 0x21, cx8, cmov, fxsr, mmx, sse, sse2, sse3, ssse3, sse4.1, sse4.2, popcnt, tsc, tscinvbit, avx, aes, erms, clmul, vzeroupper, clflush, hv, rdtscp, f16c
Processor Information for all 4 processors :
  Max Mhz: 3501, Current Mhz: 3501, Mhz Limit: 3501

Memory: 4k page, system-wide physical 7889M (600M free)
TotalPageFile size 13977M (AvailPageFile size 4M)
current process WorkingSet (physical memory assigned to process): 130M, peak: 130M
current process commit charge ("private bytes"): 242M, peak: 243M

vm_info: Java HotSpot(TM) 64-Bit Server VM (21.0.1+12-LTS-29) for windows-amd64 JRE (21.0.1+12-LTS-29), built on 2023-10-05T13:27:09Z by "mach5one" with MS VC++ 17.1 (VS2022)

END.
